# Logfile created on 2014-01-05 16:51:09 +0100 by logger.rb/31641
I, [2014-01-05T16:51:09.058047 #20134]  INFO -- : 0:  rake (10.1.1) from /Users/mhagethorn/.rbenv/versions/1.9.3-p194/lib/ruby/gems/1.9.1/specifications/rake-10.1.1.gemspec
I, [2014-01-05T16:51:09.058480 #20134]  INFO -- : 0:  RedCloth (4.2.9) from /Users/mhagethorn/.rbenv/versions/1.9.3-p194/lib/ruby/gems/1.9.1/specifications/RedCloth-4.2.9.gemspec
I, [2014-01-05T16:51:09.058813 #20134]  INFO -- : 0:  i18n (0.6.9) from /Users/mhagethorn/.rbenv/versions/1.9.3-p194/lib/ruby/gems/1.9.1/specifications/i18n-0.6.9.gemspec
I, [2014-01-05T16:51:09.059152 #20134]  INFO -- : 0:  multi_json (1.8.2) from /Users/mhagethorn/.rbenv/versions/1.9.3-p194/lib/ruby/gems/1.9.1/specifications/multi_json-1.8.2.gemspec
I, [2014-01-05T16:51:09.059499 #20134]  INFO -- : 0:  activesupport (3.2.12) from /Users/mhagethorn/.rbenv/versions/1.9.3-p194/lib/ruby/gems/1.9.1/specifications/activesupport-3.2.12.gemspec
I, [2014-01-05T16:51:09.059835 #20134]  INFO -- : 0:  builder (3.0.4) from /Users/mhagethorn/.rbenv/versions/1.9.3-p194/lib/ruby/gems/1.9.1/specifications/builder-3.0.4.gemspec
I, [2014-01-05T16:51:09.060169 #20134]  INFO -- : 0:  activemodel (3.2.12) from /Users/mhagethorn/.rbenv/versions/1.9.3-p194/lib/ruby/gems/1.9.1/specifications/activemodel-3.2.12.gemspec
I, [2014-01-05T16:51:09.060489 #20134]  INFO -- : 0:  erubis (2.7.0) from /Users/mhagethorn/.rbenv/versions/1.9.3-p194/lib/ruby/gems/1.9.1/specifications/erubis-2.7.0.gemspec
I, [2014-01-05T16:51:09.060861 #20134]  INFO -- : 0:  journey (1.0.4) from /Users/mhagethorn/.rbenv/versions/1.9.3-p194/lib/ruby/gems/1.9.1/specifications/journey-1.0.4.gemspec
I, [2014-01-05T16:51:09.061184 #20134]  INFO -- : 0:  rack (1.4.5) from /Users/mhagethorn/.rbenv/versions/1.9.3-p194/lib/ruby/gems/1.9.1/specifications/rack-1.4.5.gemspec
I, [2014-01-05T16:51:09.061502 #20134]  INFO -- : 0:  rack-cache (1.2) from /Users/mhagethorn/.rbenv/versions/1.9.3-p194/lib/ruby/gems/1.9.1/specifications/rack-cache-1.2.gemspec
I, [2014-01-05T16:51:09.061825 #20134]  INFO -- : 0:  rack-test (0.6.2) from /Users/mhagethorn/.rbenv/versions/1.9.3-p194/lib/ruby/gems/1.9.1/specifications/rack-test-0.6.2.gemspec
I, [2014-01-05T16:51:09.062145 #20134]  INFO -- : 0:  hike (1.2.3) from /Users/mhagethorn/.rbenv/versions/1.9.3-p194/lib/ruby/gems/1.9.1/specifications/hike-1.2.3.gemspec
I, [2014-01-05T16:51:09.062474 #20134]  INFO -- : 0:  tilt (1.4.1) from /Users/mhagethorn/.rbenv/versions/1.9.3-p194/lib/ruby/gems/1.9.1/specifications/tilt-1.4.1.gemspec
I, [2014-01-05T16:51:09.062798 #20134]  INFO -- : 0:  sprockets (2.2.2) from /Users/mhagethorn/.rbenv/versions/1.9.3-p194/lib/ruby/gems/1.9.1/specifications/sprockets-2.2.2.gemspec
I, [2014-01-05T16:51:09.063130 #20134]  INFO -- : 0:  actionpack (3.2.12) from /Users/mhagethorn/.rbenv/versions/1.9.3-p194/lib/ruby/gems/1.9.1/specifications/actionpack-3.2.12.gemspec
I, [2014-01-05T16:51:09.063485 #20134]  INFO -- : 0:  mime-types (1.25.1) from /Users/mhagethorn/.rbenv/versions/1.9.3-p194/lib/ruby/gems/1.9.1/specifications/mime-types-1.25.1.gemspec
I, [2014-01-05T16:51:09.063799 #20134]  INFO -- : 0:  polyglot (0.3.3) from /Users/mhagethorn/.rbenv/versions/1.9.3-p194/lib/ruby/gems/1.9.1/specifications/polyglot-0.3.3.gemspec
I, [2014-01-05T16:51:09.064125 #20134]  INFO -- : 0:  treetop (1.4.15) from /Users/mhagethorn/.rbenv/versions/1.9.3-p194/lib/ruby/gems/1.9.1/specifications/treetop-1.4.15.gemspec
I, [2014-01-05T16:51:09.064440 #20134]  INFO -- : 0:  mail (2.4.4) from /Users/mhagethorn/.rbenv/versions/1.9.3-p194/lib/ruby/gems/1.9.1/specifications/mail-2.4.4.gemspec
I, [2014-01-05T16:51:09.064963 #20134]  INFO -- : 0:  actionmailer (3.2.12) from /Users/mhagethorn/.rbenv/versions/1.9.3-p194/lib/ruby/gems/1.9.1/specifications/actionmailer-3.2.12.gemspec
I, [2014-01-05T16:51:09.065272 #20134]  INFO -- : 0:  arel (3.0.3) from /Users/mhagethorn/.rbenv/versions/1.9.3-p194/lib/ruby/gems/1.9.1/specifications/arel-3.0.3.gemspec
I, [2014-01-05T16:51:09.065579 #20134]  INFO -- : 0:  tzinfo (0.3.38) from /Users/mhagethorn/.rbenv/versions/1.9.3-p194/lib/ruby/gems/1.9.1/specifications/tzinfo-0.3.38.gemspec
I, [2014-01-05T16:51:09.065906 #20134]  INFO -- : 0:  activerecord (3.2.12) from /Users/mhagethorn/.rbenv/versions/1.9.3-p194/lib/ruby/gems/1.9.1/specifications/activerecord-3.2.12.gemspec
I, [2014-01-05T16:51:09.066218 #20134]  INFO -- : 0:  activeresource (3.2.12) from /Users/mhagethorn/.rbenv/versions/1.9.3-p194/lib/ruby/gems/1.9.1/specifications/activeresource-3.2.12.gemspec
I, [2014-01-05T16:51:09.066524 #20134]  INFO -- : 0:  blankslate (2.1.2.4) from /Users/mhagethorn/.rbenv/versions/1.9.3-p194/lib/ruby/gems/1.9.1/specifications/blankslate-2.1.2.4.gemspec
I, [2014-01-05T16:51:09.066813 #20134]  INFO -- : 0:  bundler (1.5.1) from /Users/mhagethorn/.rbenv/versions/1.9.3-p194/lib/ruby/gems/1.9.1/specifications/bundler-1.5.1.gemspec
I, [2014-01-05T16:51:09.067119 #20134]  INFO -- : 0:  fast-stemmer (1.0.2) from /Users/mhagethorn/.rbenv/versions/1.9.3-p194/lib/ruby/gems/1.9.1/specifications/fast-stemmer-1.0.2.gemspec
I, [2014-01-05T16:51:09.067424 #20134]  INFO -- : 0:  classifier (1.3.4) from /Users/mhagethorn/.rbenv/versions/1.9.3-p194/lib/ruby/gems/1.9.1/specifications/classifier-1.3.4.gemspec
I, [2014-01-05T16:51:09.067725 #20134]  INFO -- : 0:  colorator (0.1) from /Users/mhagethorn/.rbenv/versions/1.9.3-p194/lib/ruby/gems/1.9.1/specifications/colorator-0.1.gemspec
I, [2014-01-05T16:51:09.068029 #20134]  INFO -- : 0:  highline (1.6.20) from /Users/mhagethorn/.rbenv/versions/1.9.3-p194/lib/ruby/gems/1.9.1/specifications/highline-1.6.20.gemspec
I, [2014-01-05T16:51:09.068368 #20134]  INFO -- : 0:  commander (4.1.5) from /Users/mhagethorn/.rbenv/versions/1.9.3-p194/lib/ruby/gems/1.9.1/specifications/commander-4.1.5.gemspec
I, [2014-01-05T16:51:09.068680 #20134]  INFO -- : 0:  ffi (1.9.3) from /Users/mhagethorn/.rbenv/versions/1.9.3-p194/lib/ruby/gems/1.9.1/specifications/ffi-1.9.3.gemspec
I, [2014-01-05T16:51:09.068985 #20134]  INFO -- : 0:  liquid (2.5.4) from /Users/mhagethorn/.rbenv/versions/1.9.3-p194/lib/ruby/gems/1.9.1/specifications/liquid-2.5.4.gemspec
I, [2014-01-05T16:51:09.069292 #20134]  INFO -- : 0:  rb-fsevent (0.9.4) from /Users/mhagethorn/.rbenv/versions/1.9.3-p194/lib/ruby/gems/1.9.1/specifications/rb-fsevent-0.9.4.gemspec
I, [2014-01-05T16:51:09.069579 #20134]  INFO -- : 0:  rb-inotify (0.9.3) from /Users/mhagethorn/.rbenv/versions/1.9.3-p194/lib/ruby/gems/1.9.1/specifications/rb-inotify-0.9.3.gemspec
I, [2014-01-05T16:51:09.069857 #20134]  INFO -- : 0:  rb-kqueue (0.2.0) from /Users/mhagethorn/.rbenv/versions/1.9.3-p194/lib/ruby/gems/1.9.1/specifications/rb-kqueue-0.2.0.gemspec
I, [2014-01-05T16:51:09.070137 #20134]  INFO -- : 0:  listen (1.3.1) from /Users/mhagethorn/.rbenv/versions/1.9.3-p194/lib/ruby/gems/1.9.1/specifications/listen-1.3.1.gemspec
I, [2014-01-05T16:51:09.070437 #20134]  INFO -- : 0:  maruku (0.7.0) from /Users/mhagethorn/.rbenv/versions/1.9.3-p194/lib/ruby/gems/1.9.1/specifications/maruku-0.7.0.gemspec
I, [2014-01-05T16:51:09.070754 #20134]  INFO -- : 0:  posix-spawn (0.3.8) from /Users/mhagethorn/.rbenv/versions/1.9.3-p194/lib/ruby/gems/1.9.1/specifications/posix-spawn-0.3.8.gemspec
I, [2014-01-05T16:51:09.071054 #20134]  INFO -- : 0:  yajl-ruby (1.1.0) from /Users/mhagethorn/.rbenv/versions/1.9.3-p194/lib/ruby/gems/1.9.1/specifications/yajl-ruby-1.1.0.gemspec
I, [2014-01-05T16:51:09.071355 #20134]  INFO -- : 0:  pygments.rb (0.5.4) from /Users/mhagethorn/.rbenv/versions/1.9.3-p194/lib/ruby/gems/1.9.1/specifications/pygments.rb-0.5.4.gemspec
I, [2014-01-05T16:51:09.071653 #20134]  INFO -- : 0:  redcarpet (2.3.0) from /Users/mhagethorn/.rbenv/versions/1.9.3-p194/lib/ruby/gems/1.9.1/specifications/redcarpet-2.3.0.gemspec
I, [2014-01-05T16:51:09.071950 #20134]  INFO -- : 0:  safe_yaml (0.9.7) from /Users/mhagethorn/.rbenv/versions/1.9.3-p194/lib/ruby/gems/1.9.1/specifications/safe_yaml-0.9.7.gemspec
I, [2014-01-05T16:51:09.072248 #20134]  INFO -- : 0:  parslet (1.5.0) from /Users/mhagethorn/.rbenv/versions/1.9.3-p194/lib/ruby/gems/1.9.1/specifications/parslet-1.5.0.gemspec
I, [2014-01-05T16:51:09.072545 #20134]  INFO -- : 0:  toml (0.1.0) from /Users/mhagethorn/.rbenv/versions/1.9.3-p194/lib/ruby/gems/1.9.1/specifications/toml-0.1.0.gemspec
I, [2014-01-05T16:51:09.072866 #20134]  INFO -- : 0:  jekyll (1.4.2) from /Users/mhagethorn/.rbenv/versions/1.9.3-p194/lib/ruby/gems/1.9.1/specifications/jekyll-1.4.2.gemspec
I, [2014-01-05T16:51:09.073167 #20134]  INFO -- : 0:  kramdown (1.2.0) from /Users/mhagethorn/.rbenv/versions/1.9.3-p194/lib/ruby/gems/1.9.1/specifications/kramdown-1.2.0.gemspec
I, [2014-01-05T16:51:09.073466 #20134]  INFO -- : 0:  rdiscount (2.1.7) from /Users/mhagethorn/.rbenv/versions/1.9.3-p194/lib/ruby/gems/1.9.1/specifications/rdiscount-2.1.7.gemspec
I, [2014-01-05T16:51:09.073764 #20134]  INFO -- : 0:  github-pages (12) from /Users/mhagethorn/.rbenv/versions/1.9.3-p194/lib/ruby/gems/1.9.1/specifications/github-pages-12.gemspec
I, [2014-01-05T16:51:09.074075 #20134]  INFO -- : 0:  json (1.8.1) from /Users/mhagethorn/.rbenv/versions/1.9.3-p194/lib/ruby/gems/1.9.1/specifications/json-1.8.1.gemspec
I, [2014-01-05T16:51:09.074377 #20134]  INFO -- : 0:  rack-ssl (1.3.3) from /Users/mhagethorn/.rbenv/versions/1.9.3-p194/lib/ruby/gems/1.9.1/specifications/rack-ssl-1.3.3.gemspec
I, [2014-01-05T16:51:09.074683 #20134]  INFO -- : 0:  rdoc (3.12.2) from /Users/mhagethorn/.rbenv/versions/1.9.3-p194/lib/ruby/gems/1.9.1/specifications/rdoc-3.12.2.gemspec
I, [2014-01-05T16:51:09.074996 #20134]  INFO -- : 0:  thor (0.18.1) from /Users/mhagethorn/.rbenv/versions/1.9.3-p194/lib/ruby/gems/1.9.1/specifications/thor-0.18.1.gemspec
I, [2014-01-05T16:51:09.075313 #20134]  INFO -- : 0:  railties (3.2.12) from /Users/mhagethorn/.rbenv/versions/1.9.3-p194/lib/ruby/gems/1.9.1/specifications/railties-3.2.12.gemspec
I, [2014-01-05T16:51:09.075630 #20134]  INFO -- : 0:  rails (3.2.12) from /Users/mhagethorn/.rbenv/versions/1.9.3-p194/lib/ruby/gems/1.9.1/specifications/rails-3.2.12.gemspec
